<?xml version="1.0" encoding="UTF-8"?>
<coverage generated="1641402510564" clover="3.2.0">
  <project timestamp="1641402510564" name="All files">
    <metrics statements="45" coveredstatements="45" conditionals="0" coveredconditionals="0" methods="11" coveredmethods="11" elements="56" coveredelements="56" complexity="0" loc="45" ncloc="45" packages="1" files="5" classes="5"/>
    <file name="Airport.js" path="C:\Users\b.antwi-agyei\OneDrive - Playtech\Documents\BootcampDay2\Airport.js">
      <metrics statements="2" coveredstatements="2" conditionals="0" coveredconditionals="0" methods="1" coveredmethods="1"/>
      <line num="8" count="2" type="stmt"/>
      <line num="11" count="1" type="stmt"/>
    </file>
    <file name="Bag.js" path="C:\Users\b.antwi-agyei\OneDrive - Playtech\Documents\BootcampDay2\Bag.js">
      <metrics statements="9" coveredstatements="9" conditionals="0" coveredconditionals="0" methods="2" coveredmethods="2"/>
      <line num="6" count="15" type="stmt"/>
      <line num="12" count="8" type="stmt"/>
      <line num="18" count="3" type="stmt"/>
      <line num="20" count="3" type="stmt"/>
      <line num="21" count="3" type="stmt"/>
      <line num="22" count="3" type="stmt"/>
      <line num="23" count="3" type="stmt"/>
      <line num="25" count="3" type="stmt"/>
      <line num="26" count="3" type="stmt"/>
    </file>
    <file name="CrewMember.js" path="C:\Users\b.antwi-agyei\OneDrive - Playtech\Documents\BootcampDay2\CrewMember.js">
      <metrics statements="4" coveredstatements="4" conditionals="0" coveredconditionals="0" methods="1" coveredmethods="1"/>
      <line num="10" count="2" type="stmt"/>
      <line num="11" count="2" type="stmt"/>
      <line num="12" count="2" type="stmt"/>
      <line num="15" count="1" type="stmt"/>
    </file>
    <file name="Passenger.js" path="C:\Users\b.antwi-agyei\OneDrive - Playtech\Documents\BootcampDay2\Passenger.js">
      <metrics statements="13" coveredstatements="13" conditionals="0" coveredconditionals="0" methods="2" coveredmethods="2"/>
      <line num="2" count="2" type="stmt"/>
      <line num="14" count="13" type="stmt"/>
      <line num="15" count="13" type="stmt"/>
      <line num="16" count="13" type="stmt"/>
      <line num="18" count="13" type="stmt"/>
      <line num="23" count="5" type="stmt"/>
      <line num="27" count="2" type="stmt"/>
      <line num="31" count="2" type="stmt"/>
      <line num="34" count="2" type="stmt"/>
      <line num="35" count="2" type="stmt"/>
      <line num="38" count="2" type="stmt"/>
      <line num="39" count="2" type="stmt"/>
      <line num="42" count="2" type="stmt"/>
    </file>
    <file name="Plane.js" path="C:\Users\b.antwi-agyei\OneDrive - Playtech\Documents\BootcampDay2\Plane.js">
      <metrics statements="17" coveredstatements="17" conditionals="0" coveredconditionals="0" methods="5" coveredmethods="5"/>
      <line num="3" count="1" type="stmt"/>
      <line num="4" count="1" type="stmt"/>
      <line num="7" count="1" type="stmt"/>
      <line num="12" count="7" type="stmt"/>
      <line num="13" count="7" type="stmt"/>
      <line num="18" count="7" type="stmt"/>
      <line num="19" count="7" type="stmt"/>
      <line num="20" count="7" type="stmt"/>
      <line num="32" count="1" type="stmt"/>
      <line num="33" count="1" type="stmt"/>
      <line num="34" count="1" type="stmt"/>
      <line num="38" count="1" type="stmt"/>
      <line num="43" count="1" type="stmt"/>
      <line num="44" count="1" type="stmt"/>
      <line num="48" count="1" type="stmt"/>
      <line num="50" count="1" type="stmt"/>
      <line num="51" count="1" type="stmt"/>
    </file>
  </project>
</coverage>
