{"C:\\Users\\b.antwi-agyei\\OneDrive - Playtech\\Documents\\BootcampDay2\\Airport.js": {"path":"C:\\Users\\b.antwi-agyei\\OneDrive - Playtech\\Documents\\BootcampDay2\\Airport.js","statementMap":{"0":{"start":{"line":8,"column":8},"end":{"line":8,"column":23}},"1":{"start":{"line":11,"column":0},"end":{"line":11,"column":23}}},"fnMap":{"0":{"name":"(anonymous_0)","decl":{"start":{"line":7,"column":4},"end":{"line":7,"column":5}},"loc":{"start":{"line":7,"column":21},"end":{"line":9,"column":5}},"line":7}},"branchMap":{},"s":{"0":2,"1":1},"f":{"0":2},"b":{},"_coverageSchema":"1a1c01bbd47fc00a2c39e90264f33305004495a9","hash":"61d832df57092e1be8945fccaa691c1e4637f395"}
,"C:\\Users\\b.antwi-agyei\\OneDrive - Playtech\\Documents\\BootcampDay2\\Bag.js": {"path":"C:\\Users\\b.antwi-agyei\\OneDrive - Playtech\\Documents\\BootcampDay2\\Bag.js","statementMap":{"0":{"start":{"line":6,"column":8},"end":{"line":6,"column":29}},"1":{"start":{"line":12,"column":8},"end":{"line":12,"column":32}},"2":{"start":{"line":18,"column":0},"end":{"line":18,"column":21}},"3":{"start":{"line":20,"column":15},"end":{"line":20,"column":26}},"4":{"start":{"line":21,"column":16},"end":{"line":21,"column":27}},"5":{"start":{"line":22,"column":0},"end":{"line":22,"column":20}},"6":{"start":{"line":23,"column":0},"end":{"line":23,"column":21}},"7":{"start":{"line":25,"column":0},"end":{"line":25,"column":34}},"8":{"start":{"line":26,"column":0},"end":{"line":26,"column":35}}},"fnMap":{"0":{"name":"(anonymous_0)","decl":{"start":{"line":5,"column":4},"end":{"line":5,"column":5}},"loc":{"start":{"line":5,"column":24},"end":{"line":8,"column":5}},"line":5},"1":{"name":"(anonymous_1)","decl":{"start":{"line":10,"column":4},"end":{"line":10,"column":5}},"loc":{"start":{"line":10,"column":18},"end":{"line":15,"column":5}},"line":10}},"branchMap":{},"s":{"0":15,"1":8,"2":3,"3":3,"4":3,"5":3,"6":3,"7":3,"8":3},"f":{"0":15,"1":8},"b":{},"_coverageSchema":"1a1c01bbd47fc00a2c39e90264f33305004495a9","hash":"088bf1455b30e4e859fac226cc8f2e716bbe865d"}
,"C:\\Users\\b.antwi-agyei\\OneDrive - Playtech\\Documents\\BootcampDay2\\CrewMember.js": {"path":"C:\\Users\\b.antwi-agyei\\OneDrive - Playtech\\Documents\\BootcampDay2\\CrewMember.js","statementMap":{"0":{"start":{"line":10,"column":8},"end":{"line":10,"column":23}},"1":{"start":{"line":11,"column":8},"end":{"line":11,"column":31}},"2":{"start":{"line":12,"column":8},"end":{"line":12,"column":37}},"3":{"start":{"line":15,"column":0},"end":{"line":15,"column":26}}},"fnMap":{"0":{"name":"(anonymous_0)","decl":{"start":{"line":9,"column":4},"end":{"line":9,"column":5}},"loc":{"start":{"line":9,"column":42},"end":{"line":13,"column":5}},"line":9}},"branchMap":{},"s":{"0":2,"1":2,"2":2,"3":1},"f":{"0":2},"b":{},"_coverageSchema":"1a1c01bbd47fc00a2c39e90264f33305004495a9","hash":"400b4bbc7c6a62b29f4f57cbf424df4f08abeb8b"}
,"C:\\Users\\b.antwi-agyei\\OneDrive - Playtech\\Documents\\BootcampDay2\\Passenger.js": {"path":"C:\\Users\\b.antwi-agyei\\OneDrive - Playtech\\Documents\\BootcampDay2\\Passenger.js","statementMap":{"0":{"start":{"line":2,"column":12},"end":{"line":2,"column":28}},"1":{"start":{"line":14,"column":8},"end":{"line":14,"column":25}},"2":{"start":{"line":15,"column":8},"end":{"line":15,"column":45}},"3":{"start":{"line":16,"column":8},"end":{"line":16,"column":37}},"4":{"start":{"line":18,"column":8},"end":{"line":18,"column":23}},"5":{"start":{"line":23,"column":8},"end":{"line":23,"column":28}},"6":{"start":{"line":27,"column":0},"end":{"line":27,"column":25}},"7":{"start":{"line":31,"column":13},"end":{"line":31,"column":51}},"8":{"start":{"line":34,"column":16},"end":{"line":34,"column":27}},"9":{"start":{"line":35,"column":24},"end":{"line":35,"column":35}},"10":{"start":{"line":38,"column":0},"end":{"line":38,"column":21}},"11":{"start":{"line":39,"column":0},"end":{"line":39,"column":29}},"12":{"start":{"line":42,"column":0},"end":{"line":42,"column":23}}},"fnMap":{"0":{"name":"(anonymous_0)","decl":{"start":{"line":13,"column":4},"end":{"line":13,"column":5}},"loc":{"start":{"line":13,"column":50},"end":{"line":19,"column":5}},"line":13},"1":{"name":"(anonymous_1)","decl":{"start":{"line":22,"column":4},"end":{"line":22,"column":5}},"loc":{"start":{"line":22,"column":16},"end":{"line":24,"column":5}},"line":22}},"branchMap":{},"s":{"0":2,"1":13,"2":13,"3":13,"4":13,"5":5,"6":2,"7":2,"8":2,"9":2,"10":2,"11":2,"12":2},"f":{"0":13,"1":5},"b":{},"_coverageSchema":"1a1c01bbd47fc00a2c39e90264f33305004495a9","hash":"52364cac1032c8a857f7f14ad589871184668afd"}
,"C:\\Users\\b.antwi-agyei\\OneDrive - Playtech\\Documents\\BootcampDay2\\Plane.js": {"path":"C:\\Users\\b.antwi-agyei\\OneDrive - Playtech\\Documents\\BootcampDay2\\Plane.js","statementMap":{"0":{"start":{"line":3,"column":17},"end":{"line":3,"column":30}},"1":{"start":{"line":4,"column":18},"end":{"line":4,"column":40}},"2":{"start":{"line":7,"column":0},"end":{"line":7,"column":5}},"3":{"start":{"line":12,"column":8},"end":{"line":12,"column":25}},"4":{"start":{"line":13,"column":8},"end":{"line":13,"column":28}},"5":{"start":{"line":18,"column":8},"end":{"line":18,"column":18}},"6":{"start":{"line":19,"column":8},"end":{"line":19,"column":39}},"7":{"start":{"line":20,"column":7},"end":{"line":20,"column":24}},"8":{"start":{"line":32,"column":8},"end":{"line":32,"column":18}},"9":{"start":{"line":33,"column":8},"end":{"line":33,"column":38}},"10":{"start":{"line":34,"column":8},"end":{"line":34,"column":25}},"11":{"start":{"line":38,"column":8},"end":{"line":38,"column":30}},"12":{"start":{"line":43,"column":8},"end":{"line":43,"column":28}},"13":{"start":{"line":44,"column":8},"end":{"line":44,"column":30}},"14":{"start":{"line":48,"column":0},"end":{"line":48,"column":21}},"15":{"start":{"line":50,"column":14},"end":{"line":50,"column":32}},"16":{"start":{"line":51,"column":0},"end":{"line":51,"column":20}}},"fnMap":{"0":{"name":"(anonymous_0)","decl":{"start":{"line":11,"column":4},"end":{"line":11,"column":5}},"loc":{"start":{"line":11,"column":22},"end":{"line":14,"column":5}},"line":11},"1":{"name":"(anonymous_1)","decl":{"start":{"line":17,"column":4},"end":{"line":17,"column":5}},"loc":{"start":{"line":17,"column":21},"end":{"line":28,"column":5}},"line":17},"2":{"name":"(anonymous_2)","decl":{"start":{"line":31,"column":4},"end":{"line":31,"column":5}},"loc":{"start":{"line":31,"column":28},"end":{"line":35,"column":5}},"line":31},"3":{"name":"(anonymous_3)","decl":{"start":{"line":37,"column":4},"end":{"line":37,"column":5}},"loc":{"start":{"line":37,"column":24},"end":{"line":39,"column":5}},"line":37},"4":{"name":"(anonymous_4)","decl":{"start":{"line":42,"column":4},"end":{"line":42,"column":5}},"loc":{"start":{"line":42,"column":23},"end":{"line":45,"column":5}},"line":42}},"branchMap":{},"s":{"0":1,"1":1,"2":1,"3":7,"4":7,"5":7,"6":7,"7":7,"8":1,"9":1,"10":1,"11":1,"12":1,"13":1,"14":1,"15":1,"16":1},"f":{"0":7,"1":7,"2":1,"3":1,"4":1},"b":{},"_coverageSchema":"1a1c01bbd47fc00a2c39e90264f33305004495a9","hash":"d9eca37ed12dbd62ecbb99cf3fa351b429d8f47f"}
}
