TN:
SF:Airport.js
FN:7,(anonymous_0)
FNF:1
FNH:1
FNDA:2,(anonymous_0)
DA:8,2
DA:11,1
LF:2
LH:2
BRF:0
BRH:0
end_of_record
TN:
SF:Bag.js
FN:5,(anonymous_0)
FN:10,(anonymous_1)
FNF:2
FNH:2
FNDA:15,(anonymous_0)
FNDA:8,(anonymous_1)
DA:6,15
DA:12,8
DA:18,3
DA:20,3
DA:21,3
DA:22,3
DA:23,3
DA:25,3
DA:26,3
LF:9
LH:9
BRF:0
BRH:0
end_of_record
TN:
SF:CrewMember.js
FN:9,(anonymous_0)
FNF:1
FNH:1
FNDA:2,(anonymous_0)
DA:10,2
DA:11,2
DA:12,2
DA:15,1
LF:4
LH:4
BRF:0
BRH:0
end_of_record
TN:
SF:Passenger.js
FN:13,(anonymous_0)
FN:22,(anonymous_1)
FNF:2
FNH:2
FNDA:13,(anonymous_0)
FNDA:5,(anonymous_1)
DA:2,2
DA:14,13
DA:15,13
DA:16,13
DA:18,13
DA:23,5
DA:27,2
DA:31,2
DA:34,2
DA:35,2
DA:38,2
DA:39,2
DA:42,2
LF:13
LH:13
BRF:0
BRH:0
end_of_record
TN:
SF:Plane.js
FN:11,(anonymous_0)
FN:17,(anonymous_1)
FN:31,(anonymous_2)
FN:37,(anonymous_3)
FN:42,(anonymous_4)
FNF:5
FNH:5
FNDA:7,(anonymous_0)
FNDA:7,(anonymous_1)
FNDA:1,(anonymous_2)
FNDA:1,(anonymous_3)
FNDA:1,(anonymous_4)
DA:3,1
DA:4,1
DA:7,1
DA:12,7
DA:13,7
DA:18,7
DA:19,7
DA:20,7
DA:32,1
DA:33,1
DA:34,1
DA:38,1
DA:43,1
DA:44,1
DA:48,1
DA:50,1
DA:51,1
LF:17
LH:17
BRF:0
BRH:0
end_of_record
